total label:  ['5_o_Clock_Shadow', 'Arched_Eyebrows', 'Attractive', 'Bags_Under_Eyes', 'Bald', 'Bangs', 'Big_Lips', 'Big_Nose', 'Black_Hair', 'Blond_Hair', 'Blurry', 'Brown_Hair', 'Bushy_Eyebrows', 'Chubby', 'Double_Chin', 'Eyeglasses', 'Goatee', 'Gray_Hair', 'Heavy_Makeup', 'High_Cheekbones', 'Male', 'Mouth_Slightly_Open', 'Mustache', 'Narrow_Eyes', 'No_Beard', 'Oval_Face', 'Pale_Skin', 'Pointy_Nose', 'Receding_Hairline', 'Rosy_Cheeks', 'Sideburns', 'Smiling', 'Straight_Hair', 'Wavy_Hair', 'Wearing_Earrings', 'Wearing_Hat', 'Wearing_Lipstick', 'Wearing_Necklace', 'Wearing_Necktie', 'Young']
Male is number 20th label.
total label:  ['5_o_Clock_Shadow', 'Arched_Eyebrows', 'Attractive', 'Bags_Under_Eyes', 'Bald', 'Bangs', 'Big_Lips', 'Big_Nose', 'Black_Hair', 'Blond_Hair', 'Blurry', 'Brown_Hair', 'Bushy_Eyebrows', 'Chubby', 'Double_Chin', 'Eyeglasses', 'Goatee', 'Gray_Hair', 'Heavy_Makeup', 'High_Cheekbones', 'Male', 'Mouth_Slightly_Open', 'Mustache', 'Narrow_Eyes', 'No_Beard', 'Oval_Face', 'Pale_Skin', 'Pointy_Nose', 'Receding_Hairline', 'Rosy_Cheeks', 'Sideburns', 'Smiling', 'Straight_Hair', 'Wavy_Hair', 'Wearing_Earrings', 'Wearing_Hat', 'Wearing_Lipstick', 'Wearing_Necklace', 'Wearing_Necktie', 'Young']
Male is number 20th label.
original_on_celeba
valid: gender acc 59.39%
init_best_loss: 0.6909148
0.69297624
0.6500573
0.6357912
0.6266061
0.68323827
0.5747522
0.5038761
0.5867371
0.62822413
0.46903217
0.497365
0.51324344
0.49391854
0.3662837
0.56980634
0.42003378
0.59216964
0.48914546
0.40006277
0.46321505
0.3208971
0.35705054
0.375158
0.41886175
0.31079477
0.27376357
0.4237302
0.26487064
0.40951687
0.18647076
0.3074272
0.33927327
0.42575878
0.28612489
0.24345067
0.18169764
0.3763309
0.22745778
0.2929193
0.33884302
0.34019855
0.24219829
0.21903482
0.3038079
0.31090957
0.26492572
0.29945132
0.2340439
0.29012585
0.28409535
0.19663486
0.22252595
0.31044936
0.33886805
0.118056536
0.31527132
0.20823507
0.1812185
0.21384078
0.18076521
0.24842729
0.24743344
0.22833264
0.26750538
0.107978776
0.16919622
0.19051395
0.13512242
0.36476687
0.13295114
0.14629906
0.29139903
0.2627827
0.16974314
0.1293816
0.12067512
0.24088217
0.23865435
0.25532132
0.23495588
0.22805044
0.20571427
0.2491441
0.23460662
0.22242947
0.09043291
0.31464326
0.26661026
0.19466084
0.1117402
0.1446893
0.18453656
0.13761923
0.23160931
0.23486334
0.1861787
0.30572322
0.1406073
0.14211603
0.09324659
0.08313285
0.09632878
0.1681303
0.081914976
0.16613108
0.27834514
0.1912185
0.27329347
0.13259147
0.0947856
0.17714706
0.12418388
0.0636695
0.1606834
0.13636127
0.12913825
0.059822567
0.16286002
0.11846637
0.15775135
0.07890248
0.15080154
0.22735377
0.07346609
0.25299516
0.1212878
0.21249914
0.27436143
0.25714666
0.20170894
0.06981543
0.08986694
0.11322062
0.06914487
0.30352885
0.21558109
0.13828284
0.16331443
0.24899341
0.085785225
0.050764747
0.11729695
0.1660726
0.2367041
0.08617227
0.18131903
0.10254051
0.1458375
0.082206026
0.07669729
0.08224498
0.12159263
0.21807756
0.14179574
0.10434654
0.1813103
0.09362966
0.08177529
0.1842202
0.20887716
0.13287924
0.14543332
0.079551816
0.120702066
0.14137943
0.11433909
0.18449876
0.10849215
0.18053414
0.059883483
0.10278217
0.19421342
0.117660575
0.10588355
0.10716094
0.13813576
0.14596483
0.10342846
0.03827174
0.26483935
0.11647251
0.047590096
0.12934281
0.11138606
0.08841215
0.09673426
0.1482499
0.21231952
0.12436258
0.19579855
0.18289232
0.26386893
0.086324096
0.12369935
0.11206332
0.13441561
0.049620435
0.11571515
0.058372654
0.14362127
0.21242508
0.056073114
0.14793897
0.09444855
0.08581307
0.07652601
0.04364463
0.08326213
0.12239512
0.11680147
0.061821487
0.11891712
0.06604165
0.08572315
0.12898296
0.10812658
0.08520705
0.16892852
0.05731421
0.05130308
0.086733624
0.20821184
0.03912835
0.102699764
0.120480284
0.12696257
0.1430754
0.092571184
0.19805667
0.17840819
0.07501916
0.04438647
0.06377498
0.14316402
0.07402848
0.24496463
0.13416919
0.17370632
0.10491364
0.079499654
0.062072325
0.07919053
0.11665264
0.13545498
0.097853646
0.14936835
0.121799275
0.042422306
0.12988764
0.1414685
0.117982045
0.1616408
0.14801244
0.15685679
0.15543891
epoch:0, gender accuracy of the last batch: 0.9444444444444444
valid: gender acc 95.95%
valid loss: 0.103853739798069
0.05545659
0.11342323
0.12018088
0.159521
0.13663182
0.07221609
0.066238984
0.10241646
0.16902193
0.09211919
0.09479157
0.11304891
0.12732172
0.07075048
0.14657202
0.11718096
0.1496589
0.16305064
0.1387047
0.051070556
0.15173253
0.051384762
0.07498281
0.037367366
0.14711821
0.055002153
0.095689744
0.0343925
0.084856376
0.15182465
0.075679734
0.11402151
0.13028148
0.07039983
0.18833072
0.078042276
0.23947215
0.099430345
0.067289755
0.086930424
0.043590188
0.05407154
0.15927085
0.02671462
0.071325846
0.08083459
0.07333078
0.19369623
0.050437324
0.17347735
0.071818255
0.08780729
0.059959173
0.09037076
0.09776964
0.08822319
0.11311753
0.103095956
0.16311553
0.07178038
0.062579624
0.08225956
0.06509225
0.10123084
0.047747906
0.10776707
0.08429125
0.15308475
0.10044077
0.1497378
0.093505956
0.102387816
0.16055736
0.15242897
0.0781576
0.06812079
0.23148058
0.056276914
0.037767805
0.09967988
0.10578945
0.050744325
0.046591237
0.037095286
0.061433136
0.12744677
0.17877242
0.06140747
0.039643202
0.1229365
0.1531941
0.04729824
0.07006754
0.05995614
0.15539795
0.063612334
0.10023455
0.14463235
0.014591774
0.09936587
0.1416073
0.05451885
0.046683267
0.03123526
0.09644303
0.040810388
0.11353979
0.04996117
0.086069144
0.09641151
0.071336806
0.11048685
0.049548104
0.14949794
0.15296482
0.0678136
0.059228823
0.084883735
0.10081585
0.12984873
0.13636918
0.026068937
0.11485597
0.064513035
0.09695914
0.13594389
0.07611695
0.05013799
0.05059477
0.14563522
0.027075393
0.09624272
0.055072404
0.14883478
0.05277727
0.028934948
0.12763318
0.13457003
0.11842778
0.29101625
0.09692417
0.105649464
0.33965045
0.06049025
0.09291625
0.0960315
0.112145126
0.1055626
0.14008243
0.032134242
0.08466831
0.17313737
0.08082192
0.25019875
0.059001073
0.18325967
0.09680692
0.0701962
0.1023266
0.045778684
0.192673
0.1106967
0.035683807
0.13846555
0.17980964
0.07239716
0.074068256
0.028413508
0.05976503
0.13813142
0.1816965
0.14407861
0.043124698
0.07020955
0.032575734
0.13842192
0.11574908
0.13940167
0.07427767
0.09839134
0.14449023
0.081832565
0.12048545
0.15501505
0.12293419
0.13395359
0.045079954
0.15591966
0.20952584
0.07426918
0.07018609
0.17131591
0.050065678
0.08913767
0.13683945
0.14303088
0.094000235
0.058819745
0.27663842
0.048395142
0.19579893
0.033592287
0.09635116
0.07157682
0.03681677
0.16198555
0.04522482
0.07772819
0.0695058
0.04856207
0.28028214
0.17436314
0.08230223
0.12170595
0.14278542
0.16817851
0.1012911
0.10526439
0.13133204
0.10742831
0.045382157
0.062582955
0.12577358
0.0949498
0.12000208
0.088987716
0.097330585
0.11505353
0.0962043
0.10823712
0.038808733
0.039273906
0.051630866
0.08931072
0.10901858
0.07297335
0.06968972
0.0641676
0.036658496
0.060367823
0.036824398
0.06975904
0.08652764
0.02814072
0.075544305
0.01408685
0.12969562
0.07511355
0.075948134
0.020072337
0.032960795
0.08440242
0.093864575
0.077266105
0.04679311
epoch:1, gender accuracy of the last batch: 1.0
valid: gender acc 96.92%
valid loss: 0.07744281738996506
0.09793936
0.08493392
0.11630364
0.0806489
0.041165106
0.08248347
0.03254223
0.105661094
0.094293535
0.042301342
0.07780137
0.056272633
0.037562963
0.10100719
0.11226409
0.13385107
0.05351931
0.07249877
0.17813395
0.043553278
0.051393315
0.047144495
0.15425214
0.12555847
0.02985967
0.20136377
0.09851214
0.17530812
0.052949786
0.26737142
0.069402754
0.08331439
0.03967788
0.15881133
0.046158157
0.05332589
0.04482601
0.19062111
0.101343215
0.07939533
0.04889904
0.03825371
0.067132235
0.059096843
0.09577554
0.016901996
0.051964346
0.043379538
0.030899914
0.123523295
0.106573835
0.091970086
0.10575278
0.013121985
0.1466723
0.06706113
0.08360082
0.1030524
0.04333176
0.11706059
0.10265418
0.07875076
0.1663226
0.13320902
0.058002528
0.14777309
0.042792276
0.03211863
0.043529797
0.10319169
0.033178646
0.10529255
0.12513837
0.10096043
0.07724971
0.14401859
0.15155737
0.043857835
0.02024576
0.09013075
0.102268785
0.06721701
0.074569955
0.077782616
0.07558551
0.1689718
0.0835114
0.08096272
0.049219888
0.044713605
0.08359054
0.08280815
0.06262037
0.041532956
0.029703712
0.034640893
0.24087323
0.08175472
0.057321556
0.08574395
0.08826372
0.11339995
0.126459
0.04799933
0.0614456
0.14383496
0.09931113
0.16345455
0.057669632
0.039360356
0.064398706
0.09910629
0.11104146
0.055667568
0.11326009
0.07160106
0.08765298
0.21650414
0.05278203
0.047801666
0.086204395
0.2418904
0.05193234
0.08306481
0.029025046
0.04040761
0.03660421
0.044204555
0.056220703
0.06517025
0.021938615
0.07808147
0.11540327
0.07967424
0.07614416
0.03074859
0.19420679
0.13666727
0.19205466
0.05294336
0.091912605
0.028536964
0.063390695
0.08604279
0.07688865
0.08396992
0.12108342
0.062466886
0.054605044
0.06372395
0.15060034
0.05774612
0.04993944
0.060861923
0.13972142
0.08370973
0.064654514
0.0456032
0.10373705
0.15930162
0.034875307
0.1288377
0.13892153
0.08509198
0.066792816
0.082952
0.07469612
0.10021381
0.04814654
0.12704943
0.050847992
0.14077632
0.14746976
0.10012382
0.06035215
0.24861722
0.082515396
0.04451948
0.13645501
0.046047807
0.03816619
0.044014312
0.029079469
0.07913379
0.023476316
0.078578345
0.05728247
0.039374128
0.036735494
0.0828157
0.15185265
0.07130974
0.08730331
0.16250005
0.12023983
0.15610856
0.032937966
0.079282664
0.12981178
0.062068187
0.09253753
0.09408446
0.16637725
0.08585006
0.022580491
0.051217802
0.029928591
0.039968796
0.02324982
0.0649223
0.10242595
0.06424974
0.081043944
0.14784096
0.037317906
0.012279842
0.0738215
0.12633103
0.1002028
0.021651102
0.2063351
0.062719464
0.04300281
0.074943826
0.10668494
0.032225765
0.03766218
0.14929509
0.08169943
0.058248892
0.019149128
0.045711417
0.1345177
0.04226528
0.088568605
0.053312507
0.033530228
0.054923713
0.1687754
0.093329236
0.10198699
0.028131101
0.0373372
0.10847342
0.12777394
0.019996557
0.028366294
0.04581342
0.040244203
0.08323133
0.097374335
0.12391724
0.053833462
0.13598228
0.043045595
epoch:2, gender accuracy of the last batch: 0.9444444444444444
valid: gender acc 97.43%
valid loss: 0.06854541599750519
0.082249
0.027819537
0.040700153
0.030832438
0.054631516
0.06345996
0.026675927
0.034530256
0.091764234
0.045307912
0.12456171
0.085917614
0.089226715
0.028827155
0.10210571
0.119556546
0.11945762
0.08847188
0.096160255
0.1138608
0.113094226
0.063101634
0.12859803
0.02529221
0.09086041
0.06638803
0.07697308
0.077926666
0.055465676
0.10598615
0.06496271
0.04708139
0.03523175
0.18080646
0.016684208
0.0042820433
0.04356044
0.14747974
0.0410508
0.08169473
0.08325252
0.10570866
0.0826629
0.029622188
0.101333395
0.026962934
0.12257141
0.05384908
0.061963614
0.04183319
0.04058084
0.08291976
0.045762837
0.037565857
0.021116838
0.022905782
0.065522395
0.029378276
0.029106444
0.052379165
0.24151845
0.263452
0.084475785
0.099853575
0.0410738
0.04856358
0.054031126
0.090443
0.05427146
0.02697052
0.19795755
0.034900278
0.07196176
0.10500811
0.08273187
0.12558685
0.028764626
0.0386723
0.04583954
0.06993929
0.07734312
0.060201358
0.016505836
0.050948773
0.01792578
0.05227533
0.029877592
0.08871819
0.039026037
0.065320104
0.035638623
0.05531153
0.11199359
0.050137013
0.088536404
0.05047995
0.09265969
0.022398997
0.049037952
0.07650928
0.071533166
0.1598139
0.22263762
0.08528511
0.19995673
0.03605872
0.068503894
0.084160544
0.0342834
0.06704044
0.064742886
0.029489325
0.022121197
0.10880414
0.062171787
0.12819014
0.0060481913
0.16409782
0.070832506
0.13784687
0.065069124
0.0458536
0.038562637
0.07779514
0.027665254
0.048000317
0.021770936
0.18278877
0.07436842
0.085414656
0.08477064
0.010352733
0.09434935
0.08910968
0.12009075
0.17007467
0.095977515
0.048072364
0.2027817
0.09515197
0.09348099
0.1746916
0.086323224
0.037589844
0.16394836
0.083586365
0.09006128
0.037366517
0.032858185
0.04322042
0.1626585
0.022336453
0.020882607
0.027664706
0.031760678
0.15369655
0.042061277
0.0730695
0.05840534
0.03458224
0.0822124
0.052104764
0.13016748
0.05311609
0.017094582
0.120244145
0.12743881
0.19833754
0.03425808
0.1118474
0.02808544
0.040797308
0.07341102
0.0847221
0.12955217
0.04586695
0.05033905
0.08527411
0.13707465
0.06954288
0.072545834
0.074517146
0.052470356
0.015586153
0.04802023
0.037300445
0.09094165
0.009781821
0.035408206
0.2306095
0.042809367
0.08933361
0.1052272
0.07070358
0.09512271
0.24615368
0.04728158
0.06413536
0.05286046
0.090214774
0.06317751
0.033206314
0.023693383
0.043388482
0.13289148
0.07556773
0.03772939
0.034330692
0.0780477
0.12976588
0.04418637
0.08984483
0.029584639
0.0601981
0.037508212
0.029302986
0.095323905
0.05473468
0.07396753
0.08847165
0.10289264
0.09549607
0.06996203
0.17187631
0.04335574
0.08398378
0.102415115
0.023116829
0.06191404
0.11643584
0.1582628
0.039232183
0.09363373
0.06356336
0.14314792
0.06554639
0.020743914
0.05953476
0.11410626
0.008751107
0.031980615
0.057638757
0.12370388
0.017434461
0.044300284
0.050259538
0.07387741
0.095079534
0.088580176
0.08175662
0.045604706
0.14339967
0.08014789
0.025961265
0.085671574
epoch:3, gender accuracy of the last batch: 0.9444444444444444
valid: gender acc 97.68%
valid loss: 0.06319037079811096
0.12400174
0.06703276
0.12521744
0.08361798
0.0062007774
0.02278427
0.035876907
0.023086099
0.039269965
0.0746553
0.09997554
0.020132245
0.079781
0.018792218
0.08337529
0.04974466
0.051008414
0.06102361
0.056088194
0.19764447
0.066284694
0.04340037
0.046259116
0.017540883
0.049589433
0.06268836
0.066969104
0.1297522
0.039443344
0.07029215
0.04230062
0.08811142
0.018449992
0.04786136
0.12983608
0.06788584
0.023258943
0.09520296
0.103362955
0.043918215
0.008342974
0.032615505
0.16673276
0.12109657
0.03324185
0.017430935
0.12748969
0.100310564
0.103029996
0.01684609
0.07228144
0.01684346
0.11210809
0.18518287
0.050821967
0.08518618
0.07414307
0.021105908
0.20260258
0.045687675
0.044849277
0.061692227
0.071463615
0.029990844
0.03503096
0.036824934
0.049986754
0.04986414
0.11976996
0.07750825
0.048826784
0.10064632
0.06262774
0.007514053
0.022219645
0.115483664
0.13269898
0.1206533
0.053611383
0.053453322
0.039794035
0.038757145
0.077898026
0.089515686
0.18230756
0.011631064
0.011079781
0.014382198
0.013455866
0.07756048
0.09359327
0.08903106
0.042170145
0.057522878
0.015339721
0.014850271
0.02781312
0.0510746
0.08554531
0.101743594
0.063303515
0.088261195
0.0879114
0.05994369
0.03370748
0.08352058
0.031003399
0.029581452
0.09502858
0.029691871
0.055114698
0.026774757
0.03346107
0.089573115
0.028610725
0.12632787
0.08944999
0.040281154
0.009012666
0.01667979
0.08579512
0.0698125
0.028816484
0.0281335
0.05232337
0.008805689
0.10622952
0.091643125
0.14030764
0.06507582
0.06705712
0.07840441
0.04910386
0.07670384
0.10963838
0.07465547
0.036370642
0.05146245
0.11647681
0.104052916
0.03509499
0.047276225
0.06392626
0.09987328
0.0522542
0.0354266
0.046639018
0.1055817
0.21566515
0.07608385
0.046835955
0.030077904
0.09399143
0.05426576
0.052554987
0.05076991
0.09799446
0.027859533
0.028176177
0.07976939
0.04150732
0.23104385
0.07435086
0.017690165
0.082499824
0.08815465
0.03010204
0.100617714
0.03883432
0.035157364
0.0029697341
0.0224292
0.15258004
0.07516493
0.0190458
0.03585692
0.13542998
0.081278086
0.051243052
0.021533553
0.058747277
0.09680739
0.13626862
0.04425968
0.06649556
0.111777216
0.15763302
0.09962633
0.11087841
0.07080878
0.10624777
0.071991
0.075087175
0.109480485
0.045819715
0.061921876
0.10289912
0.10137628
0.11627139
0.020645719
0.039092828
0.08745004
0.060414385
0.058390684
0.07147435
0.11817253
0.08955671
0.025887266
0.17807259
0.07968618
0.07759907
0.02894427
0.064665556
0.10334854
0.08456238
0.049400255
0.040176764
0.11022617
0.10336656
0.049535975
0.054619417
0.10454745
0.023304226
0.108831525
0.023987759
0.18886586
0.12135256
0.073005274
0.0234305
0.063796565
0.18191323
0.13919598
0.1786165
0.060270377
0.079158574
0.019983642
0.15546437
0.05804716
0.04732144
0.07741599
0.11835609
0.010135506
0.14721355
0.05431759
0.0797547
0.3441534
0.040227406
0.07588975
0.06419112
0.04272794
0.036955863
0.08381826
0.029581437
0.09846248
0.077835575
epoch:4, gender accuracy of the last batch: 1.0
valid: gender acc 97.41%
valid loss: 0.06875965744256973
0.038418606
0.058726087
0.09427944
0.1445121
0.1145173
0.08675318
0.015536124
0.33452368
0.08303805
0.08428213
0.055867217
0.030455649
0.05189932
0.06339768
0.01997384
0.028165553
0.04542115
0.108885795
0.03833557
0.02877409
0.06823903
0.107666016
0.08774154
0.038566917
0.01368594
0.0688805
0.1186512
0.05373111
0.113110244
0.06960173
0.09956067
0.025795769
0.03381076
0.20811903
0.045383543
0.10363962
0.033962417
0.057862774
0.027737204
0.11960493
0.073720045
0.037185524
0.061632056
0.06731065
0.05787446
0.051025778
0.048717536
0.0840758
0.0651721
0.10915897
0.029279266
0.06163279
0.05583385
0.05048467
0.02932313
0.06001755
0.04449724
0.037466723
0.04174124
0.06907067
0.016615741
0.16888723
0.057652824
0.15864906
0.041490767
0.080922835
0.0671899
0.033798188
0.10562554
0.024714926
0.18736508
0.013134878
0.0902763
0.076567836
0.01926228
0.018245667
0.08718974
0.013359901
0.011698494
0.071380645
0.048692867
0.08577924
0.1395764
0.036688127
0.034023106
0.07120335
0.012209579
0.1574707
0.035753272
0.021542616
0.036236532
0.13484289
0.036356084
0.018088661
0.050990626
0.025624013
0.023942228
0.019883258
0.07768255
0.13372612
0.097674266
0.058558576
0.045833744
0.03214989
0.061951675
0.05069477
0.13154751
0.11158845
0.0637956
0.102792874
0.05783387
0.03024577
0.029295996
0.05648666
0.021518918
0.13689844
0.113047674
0.12690258
0.0692363
0.02593708
0.07660988
0.064030714
0.04801013
0.03604371
0.08905977
0.056149893
0.1025282
0.087313354
0.088928774
0.05917756
0.05817562
0.011963779
0.18750577
0.028299365
0.009527495
0.0621481
0.012263037
0.088563174
0.021190148
0.02435368
0.02643906
0.060676053
0.07656963
0.06304562
0.12126505
0.02990179
0.11708614
0.015822187
0.003535004
0.019846682
0.09267281
0.076808
0.13614856
0.17403853
0.04930155
0.031144584
0.17732114
0.033265512
0.074330606
0.05628764
0.038890332
0.034315545
0.09201008
0.02637612
0.019393964
0.16337945
0.046641886
0.048327096
0.0734095
0.1623582
0.060942594
0.05693935
0.04708144
0.022118025
0.047437303
0.15999062
0.06962446
0.17134279
0.15442
0.07010185
0.036218073
0.019069621
0.06872408
0.046023376
0.069518186
0.017256578
0.029716404
0.022971582
0.07594153
0.011736606
0.029925229
0.028088104
0.045149624
0.08965458
0.034513503
0.053181715
0.023375291
0.0301853
0.06269115
0.033372913
0.116624825
0.09166777
0.08550522
0.06189525
0.065945044
0.0076709916
0.035947304
0.018973907
0.045846883
0.02443671
0.080732025
0.03213741
0.1488137
0.0874272
0.028148249
0.034260817
0.059346374
0.016380591
0.05203538
0.027565947
0.03378934
0.050972037
0.031650066
0.10869177
0.028227685
0.016740726
0.04348026
0.032832813
0.038385134
0.06368547
0.048698418
0.10532027
0.059861597
0.13558197
0.039913986
0.08429125
0.11120869
0.09252915
0.09044489
0.06870232
0.049863398
0.010368965
0.022755237
0.0762714
0.07424847
0.021404248
0.065331906
0.12017099
0.016706593
0.113795094
0.069533944
0.058926508
0.10409397
0.04482825
0.0750635
epoch:5, gender accuracy of the last batch: 1.0
valid: gender acc 97.81%
valid loss: 0.05654909834265709
0.054451972
0.12621103
0.02098377
0.21004358
0.15788874
0.05911596
0.1490472
0.1712722
0.07648794
0.062386945
0.10510753
0.018691653
0.01029128
0.031454362
0.028483879
0.14014135
0.045582052
0.05449643
0.039919727
0.036790997
0.024975069
0.009701621
0.06381088
0.09105666
0.0945472
0.029262606
0.041952774
0.075762786
0.072180495
0.012472172
0.029833639
0.12920529
0.06401339
0.049192455
0.017665472
0.07760967
0.058262907
0.045494728
0.038516752
0.04937996
0.025093874
0.015873866
0.06520872
0.011976667
0.039804395
0.019438375
0.015117455
0.008973883
0.0657834
0.02185935
0.0698424
0.07538362
0.051695578
0.011455758
0.013814924
0.03121788
0.074910894
0.02573423
0.037478678
0.025323473
0.07900661
0.08137405
0.1149742
0.020969123
0.2687879
0.02178362
0.058638286
0.029050022
0.06685486
0.10506443
0.083163075
0.28589493
0.07565491
0.009759209
0.012655497
0.011007068
0.034113783
0.1286598
0.086644664
0.1363788
0.043070443
0.15717301
0.034890622
0.026729403
0.039644685
0.16067621
0.059107684
0.026527058
0.14856517
0.06534203
0.008123208
0.055926304
0.036108196
0.080539465
0.070573784
0.07236663
0.11285208
0.031758156
0.082019985
0.061067306
0.1265941
0.088655084
0.12099976
0.027176568
0.04109718
0.07024862
0.030843537
0.06470019
0.16083416
0.021607378
0.033684354
0.03398848
0.026529826
0.10297787
0.021386418
0.0038183874
0.11394827
0.10684182
0.016629037
0.040328477
0.069598466
0.061991766
0.033283226
0.15875418
0.048603904
0.035047747
0.0238424
0.0771213
0.02168369
0.14569002
0.012951894
0.013466683
0.07846168
0.12900051
0.06348371
0.037450053
0.116747625
0.015043443
0.14562099
0.031970292
0.043595914
0.016812071
0.08080232
0.11224491
0.07238442
0.02210896
0.036561344
0.0980154
0.072505176
0.015278988
0.0404261
0.03038289
0.039845034
0.039829515
0.073140875
0.051311016
0.08033292
0.07465714
0.009799829
0.03871609
0.010628311
0.012838849
0.014243146
0.0404528
0.018089265
0.024402848
0.11399159
0.03795527
0.1289551
0.016364463
0.04764951
0.048027124
0.015190984
0.040199403
0.05645213
0.024159478
0.0820336
0.10880162
0.013394076
0.023697298
0.023081964
0.028232709
0.008032068
0.057391964
0.0054235565
0.01818649
0.05807192
0.082731046
0.058827706
0.070438005
0.028800767
0.12371546
0.023049217
0.12397789
0.050649904
0.048452772
0.016779723
0.04176554
0.1245034
0.019958679
0.040318526
0.039379224
0.12899385
0.017703345
0.039298333
0.10440403
0.019554429
0.035817295
0.007298811
0.054766305
0.061593026
0.0397041
0.019010186
0.06343729
0.047675893
0.042642087
0.091927424
0.02952995
0.09483577
0.018844726
0.12169172
0.010069095
0.026612997
0.059165552
0.02878575
0.0055427887
0.13646327
0.047977652
0.12562037
0.041475236
0.16573249
0.03040066
0.015227161
0.06160257
0.027871579
0.03313059
0.04329441
0.07155928
0.03743735
0.06089287
0.12403759
0.035014052
0.035954375
0.07953861
0.047587633
0.10181372
0.019699862
0.11948699
0.12590133
0.056832105
0.05388566
0.01570561
0.052906144
0.017248698
0.094247565
epoch:6, gender accuracy of the last batch: 1.0
valid: gender acc 97.59%
valid loss: 0.06355710327625275
0.053921938
0.122548506
0.034443744
0.054478142
0.06472413
0.030084312
0.11025331
0.019673077
0.05212027
0.07048926
0.029974796
0.021100137
0.075358436
0.009528992
0.032622322
0.09369124
0.044802073
0.028012158
0.035821784
0.21615538
0.045818318
0.043438878
0.045952573
0.079393804
0.049566202
0.11863999
0.06564069
0.06667957
0.037743837
0.024745282
0.09016675
0.081537746
0.035972364
0.0803941
0.031095022
0.13682184
0.053310018
0.031975567
0.04503361
0.018455382
0.033398025
0.021050852
0.06361105
0.022627432
0.08325289
0.24895997
0.080242045
0.05505121
0.031155933
0.065902516
0.012650805
0.019019693
0.043884195
0.019401992
0.028567746
0.08264699
0.0035606183
0.012029311
0.1403116
0.09306321
0.014468316
0.06172399
0.11554351
0.016854754
0.02308352
0.052234467
0.16195539
0.024856672
0.016308896
0.029025018
0.022871226
0.02597976
0.05818186
0.06880257
0.09473587
0.026920918
0.01451828
0.08012942
0.032070793
0.11518432
0.03517754
0.08960927
0.1795952
0.018176239
0.03259109
0.018929692
0.015054484
0.018688438
0.030987982
0.09128569
0.035956435
0.05119545
0.12052071
0.078265116
0.05911226
0.110412575
0.0148085095
0.13173199
0.071287796
0.082999125
0.059744634
0.033760577
0.010639526
0.1074736
0.10960279
0.026053153
0.09010458
0.041459467
0.028664857
0.0482499
0.04063698
0.14561534
0.04911729
0.03174811
0.16912459
0.011144209
0.11261435
0.14015771
0.063004
0.23320423
0.036396027
0.021161035
0.022465212
0.057858713
0.08122859
0.022808917
0.10667682
0.033656247
0.08502976
0.032022383
0.041253127
0.08954108
0.07847573
0.1096216
0.042046264
0.095697224
0.050795376
0.03955853
0.09362093
0.05445019
0.020327237
0.07145913
0.025075074
0.06269379
0.039523877
0.028570117
0.03432535
0.04286786
0.030188225
0.029165383
0.028049208
0.08801264
0.084445
0.0038084574
0.032206062
0.03974081
0.059116036
0.054678228
0.038280353
0.06657608
0.061992817
0.08942655
0.16944069
0.03832463
0.04044586
0.015711099
0.0601589
0.026944917
0.06995468
0.09053705
0.026511202
0.106187165
0.030948436
0.07192662
0.023341497
0.09780486
0.036534
0.03608312
0.122375995
0.0104267225
0.12192622
0.04978377
0.076965325
0.051435597
0.06166205
0.038445204
0.036868893
0.0153922485
0.047166664
0.038612645
0.0034255993
0.066580504
0.0342525
0.06082516
0.08781956
0.04763435
0.08876873
0.08056628
0.02321249
0.05611609
0.051214285
0.05340266
0.023988605
0.019847278
0.03802537
0.03176157
0.02825499
0.08389902
0.02276817
0.0069787274
0.042761743
0.13279109
0.08209037
0.030467799
0.023026459
0.027218033
0.12663576
0.03631105
0.13004367
0.023259372
0.085036874
0.018416924
0.14831623
0.18159732
0.033106923
0.15243107
0.061988518
0.0330774
0.050964557
0.20966366
0.025342643
0.091426805
0.08878184
0.0334415
0.045994997
0.12982678
0.11507976
0.058532633
0.005634266
0.003353823
0.05379665
0.04785181
0.018070374
0.026021149
0.004455436
0.005742344
0.10227793
0.033289142
0.013855316
0.15531355
0.13051268
0.100732595
0.029187135
0.06753149
0.033153124
epoch:7, gender accuracy of the last batch: 1.0
valid: gender acc 97.72%
valid loss: 0.06126568466424942
0.018571032
0.060936186
0.07286183
0.05619648
0.040800206
0.0621595
0.10728776
0.037898455
0.0602658
0.055634446
0.02931914
0.010895139
0.042941198
0.05570759
0.07156071
0.011663044
0.01809596
0.03839498
0.10480219
0.07164072
0.16322751
0.031284913
0.13846064
0.04934655
0.0680306
0.04688475
0.11169413
0.02202792
0.055379327
0.07267402
0.038207695
0.0400233
0.05521423
0.017004345
0.10947023
0.020214593
0.047885
0.018755043
0.06910005
0.0058903145
0.061158635
0.009510185
0.040306814
0.011716525
0.046487086
0.0036263121
0.04827832
0.07564294
0.040507995
0.0072112456
0.07416172
0.0064377757
0.070752114
0.08985449
0.10085778
0.022775926
0.02253577
0.06913877
0.018602736
0.0057633193
0.10848398
0.17182285
0.028201945
0.09269753
0.052443754
0.06343888
0.0024159472
0.0281067
0.11769127
0.21020333
0.10675193
0.0799977
0.096529625
0.08125041
0.014114814
0.18475771
0.0155040305
0.030539589
0.020317964
0.041303255
0.02320163
0.064141594
0.16937934
0.050724655
0.06084878
0.23945242
0.10786424
0.03428962
0.10121919
0.046568796
0.13312565
0.011054524
0.043895878
0.0601737
0.03157144
0.07948053
0.02911093
0.018769858
0.11413074
0.011660196
0.023931345
0.016334606
0.08284225
0.060687505
0.033808857
0.03382828
0.046583842
0.09168299
0.00916915
0.09462272
0.008347141
0.0937006
0.051891368
0.14340903
0.009731788
0.058560625
0.02491485
0.020590646
0.109897025
0.022097182
0.03403107
0.0018910085
0.019413402
0.032560304
0.018774217
0.13715944
0.017523931
0.14574812
0.040834833
0.07139676
0.022913959
0.04523932
0.030534312
0.046610996
0.05484817
0.041322388
0.020771546
0.030032083
0.090200946
0.07894951
0.19317603
0.020967044
0.06394981
0.035543308
0.022481143
0.048604887
0.042440467
0.036984902
0.008063062
0.018795833
0.02881324
0.06722091
0.098160885
0.057467494
0.0415204
0.033932064
0.07257778
0.060219865
0.039028663
0.025401833
0.053818658
0.068581566
0.021997409
0.046165235
0.052015364
0.026555778
0.059328433
0.025247669
0.09435202
0.070190296
0.0592151
0.015203573
0.08726477
0.026331197
0.011047285
0.077950455
0.052041054
0.052991405
0.0035710586
0.042748295
0.018127728
0.05523229
0.013373207
0.2009754
0.073024884
0.08261132
0.03687606
0.12789673
0.04166747
0.026495181
0.07017891
0.057377215
0.06451617
0.039424744
0.14152509
0.04804825
0.12419968
0.0064322557
0.008341381
0.06803729
0.023284603
0.06369807
0.05416263
0.04957279
0.06475662
0.017856382
0.07480071
0.030024733
0.026851926
0.032136817
0.008990307
0.08938306
0.06851541
0.03340769
0.041372217
0.046065923
0.07809202
0.08128032
0.041948184
0.020054417
0.0046812743
0.108240254
0.016775481
0.06924182
0.05437734
0.020706387
0.038951453
0.06506796
0.07732415
0.06073183
0.017350677
0.033590227
0.03564192
0.031695593
0.1172539
0.052930772
0.048398852
0.054863088
0.08737361
0.029468067
0.16614367
0.052928444
0.01823242
0.02996023
0.05311846
0.049456798
0.07774358
0.013553981
0.075931154
0.058658056
0.0455756
0.034104496
0.021192124
0.10843723
0.01257908
epoch:8, gender accuracy of the last batch: 0.9444444444444444
valid: gender acc 96.95%
valid loss: 0.08381675183773041
0.088253826
0.07110709
0.048946053
0.047643352
0.04994181
0.057574466
0.03288731
0.019018546
0.042996794
0.07397946
0.05925335
0.019744303
0.10138936
0.10458084
0.039925285
0.03858619
0.0654891
0.033715807
0.0022394778
0.08062658
0.070498586
0.06277313
0.06497869
0.10426451
0.06459046
0.047613733
0.01439484
0.07065425
0.09977193
0.052131854
0.0066596773
0.11346801
0.020433877
0.049752973
0.06867286
0.05017834
0.0020202168
0.06743484
0.09385271
0.025165822
0.010457786
0.023802439
0.026055861
0.10184957
0.06271883
0.046507075
0.06099598
0.038348075
0.030472975
0.017060924
0.033066254
0.049521968
0.016388495
0.06710374
0.056189388
0.06547371
0.06181681
0.019044716
0.09585102
0.015493996
0.063386105
0.010511441
0.0060617058
0.03789284
0.10541315
0.0315798
0.047716603
0.043007717
0.0023200582
0.10475973
0.01692436
0.083959065
0.062294886
0.014023457
0.026674563
0.07712202
0.11371544
0.01791233
0.06705704
0.027965669
0.029863503
0.026896182
0.21180272
0.18493114
0.028760346
0.12222175
0.06787391
0.15378036
0.020376146
0.022388384
0.014728787
0.083153166
0.061554268
0.02098899
0.009137456
0.0087744575
0.010930937
0.0977024
0.03001882
0.09111448
0.01190768
0.055993818
0.15866286
0.093219034
0.02000609
0.078421354
0.03895256
0.11805209
0.025506927
0.014200567
0.05803574
0.039181933
0.06947799
0.048926357
0.020106833
0.12510958
0.010839822
0.09438446
0.059265576
0.06780775
0.08676605
0.034278076
0.021753225
0.07441598
0.06939445
0.02145296
0.047368042
0.024213417
0.040556252
0.1257517
0.059452254
0.027089937
0.10556842
0.024578106
0.05751708
0.0038788437
0.041811086
0.07050887
0.035505123
0.0044669937
0.11324787
0.07393777
0.029641643
0.022444025
0.064901896
0.013784289
0.010921083
0.101686075
0.030328058
0.028310988
0.05875812
0.037681676
0.08287943
0.06764253
0.053824242
0.054907907
0.054003853
0.04048092
0.013095679
0.044658076
0.057846837
0.030331612
0.06658779
0.049704026
0.049987275
0.040688027
0.14850684
0.023779025
0.0024242797
0.0070587676
0.029029902
0.099018194
0.037399013
0.07612984
0.054987736
0.07325077
0.073663875
0.10610119
0.04396088
0.005267964
0.009149561
0.020963483
0.068027616
0.062580615
0.019079702
0.01834713
0.08401464
0.08576244
0.204432
0.10115499
0.094081864
0.022656936
0.025779054
0.09352809
0.05491471
0.031863652
0.05907519
0.016046684
0.010732584
0.076557405
0.019727524
0.029484745
0.10429539
0.007326536
0.14942276
0.04886571
0.019295808
0.027808417
0.023152687
0.026736716
0.041273665
0.03328642
0.050828844
0.018004458
0.07809958
0.033816233
0.08240749
0.14201623
0.040819153
0.05984109
0.035620697
0.07008903
0.08777978
0.03380928
0.0276723
0.051333927
0.04762711
0.01645997
0.10959535
0.09228033
0.025884103
0.060145877
0.035768542
0.024286697
0.081675895
0.016587596
0.01605453
0.08523987
0.08885656
0.023402583
0.039668377
0.051742602
0.031413216
0.04865828
0.014438581
0.025500286
0.24114147
0.0873775
0.06894477
0.1467762
0.032139182
0.0190826
0.02037206
0.057955
0.047805853
epoch:9, gender accuracy of the last batch: 1.0
valid: gender acc 97.85%
valid loss: 0.05793561413884163
accuracy: 0.9781064048808658, f1: 0.9731113166820844, precision: 0.9705972811711878, recall: 0.975638409695171
