minimalist
valid: gender acc 46.22%
init_best_loss: 0.6959814
0.6911626
1.1491246
0.655568
0.6813821
0.67441297
0.65034986
0.62742496
0.7153048
0.68932676
0.53813505
0.6412388
0.6832395
0.5906013
0.6365652
0.5421383
0.5206965
0.60643387
epoch:0, gender accuracy of the last batch: 0.7241379310344828
valid: gender acc 72.62%
valid loss: 0.5394250750541687
0.6527958
0.5279499
0.64632654
0.5674161
0.6021604
0.53845894
0.45772427
0.48990792
0.54256344
0.5028401
0.501439
0.5492398
0.53325224
0.57747835
0.4749487
0.48973334
0.54603004
epoch:1, gender accuracy of the last batch: 0.7241379310344828
valid: gender acc 75.73%
valid loss: 0.4957161247730255
0.49926707
0.46957207
0.5938017
0.4214841
0.48297483
0.4770282
0.49436843
0.54165035
0.4955563
0.52290416
0.4144209
0.5115275
0.46852314
0.472843
0.6796458
0.53991306
0.5527506
epoch:2, gender accuracy of the last batch: 0.7241379310344828
valid: gender acc 77.71%
valid loss: 0.47770950198173523
0.5798124
0.4189201
0.54162335
0.4634928
0.5285188
0.51922417
0.57035965
0.4697205
0.5196082
0.40173215
0.538479
0.54947275
0.43359601
0.48313296
0.45124784
0.40748933
0.56247354
epoch:3, gender accuracy of the last batch: 0.7241379310344828
valid: gender acc 77.11%
valid loss: 0.4692396819591522
0.38458607
0.43684193
0.5026828
0.53897417
0.4668641
0.44705638
0.5363256
0.45249936
0.42176235
0.4003045
0.49166527
0.38465893
0.39315936
0.42519617
0.5226394
0.5117497
0.44286108
epoch:4, gender accuracy of the last batch: 0.8275862068965517
valid: gender acc 78.56%
valid loss: 0.4419390559196472
0.45274252
0.3795406
0.5046065
0.48416087
0.34522206
0.42121896
0.4255011
0.39066398
0.44584185
0.42592722
0.39297122
0.34045833
0.41110265
0.37520367
0.47051096
0.48371345
0.43040347
epoch:5, gender accuracy of the last batch: 0.8620689655172413
valid: gender acc 80.72%
valid loss: 0.4388734698295593
0.4422746
0.3886442
0.44538665
0.29204857
0.36230922
0.3946377
0.5332237
0.47258845
0.35678232
0.4001183
0.42514086
0.46250266
0.48206413
0.45895267
0.45219588
0.36799544
0.43446505
epoch:6, gender accuracy of the last batch: 0.8103448275862069
valid: gender acc 79.87%
valid loss: 0.43728649616241455
0.30230528
0.42168736
0.3966121
0.44832042
0.4990088
0.32782745
0.36400974
0.3731066
0.41712645
0.36744398
0.42322302
0.45968202
0.46773928
0.42481562
0.48455
0.40445542
0.47934467
epoch:7, gender accuracy of the last batch: 0.7413793103448276
valid: gender acc 82.04%
valid loss: 0.40656957030296326
0.31607506
0.42166555
0.38463333
0.4074412
0.3709141
0.41968328
0.36024308
0.41699687
0.39896747
0.39208177
0.5074291
0.3572983
0.24823055
0.29091525
0.34326628
0.50361055
0.5500467
epoch:8, gender accuracy of the last batch: 0.8103448275862069
valid: gender acc 81.07%
valid loss: 0.4138143062591553
0.51204485
0.34951875
0.5438274
0.396519
0.32321715
0.44729215
0.52653766
0.42279506
0.27753806
0.5698812
0.42450386
0.3842644
0.35204586
0.30770022
0.3328842
0.37256584
0.28556415
epoch:9, gender accuracy of the last batch: 0.8103448275862069
valid: gender acc 81.66%
valid loss: 0.402135968208313
accuracy: 
accuracy: 0.7610465116279069, f1: 0.7613240418118468, precision: 0.7078833693304536, recall: 0.8234924623115578
