original
valid: gender acc 53.78%
init_best_loss: 0.6922
0.69176453
0.6992811
0.6604012
0.6897432
0.65393096
0.6730163
0.63151073
0.5800457
0.60189694
0.66303295
0.6717255
0.6878201
0.63470376
0.66289425
0.5919156
0.5278453
0.5593719
epoch:0, gender accuracy of the last batch: 0.7586206896551724
valid: gender acc 73.47%
valid loss: 0.541146457195282
0.60007936
0.4503451
0.5725831
0.5713937
0.5405014
0.5258144
0.6291211
0.55546284
0.4288938
0.6076272
0.49513245
0.4810891
0.5435685
0.4323697
0.626823
0.57827896
0.46180332
epoch:1, gender accuracy of the last batch: 0.603448275862069
valid: gender acc 76.36%
valid loss: 0.4796786606311798
0.3218236
0.63640773
0.46521574
0.49033463
0.46683943
0.5052366
0.42809606
0.39775226
0.36190683
0.5062606
0.44246542
0.47115722
0.46180934
0.5436442
0.3189274
0.4335215
0.581712
epoch:2, gender accuracy of the last batch: 0.8448275862068966
valid: gender acc 81.85%
valid loss: 0.39164286851882935
0.45051894
0.36278236
0.33270377
0.46729726
0.4621292
0.35344124
0.45828366
0.4532667
0.37285325
0.34354275
0.3791086
0.31161302
0.27466503
0.34310466
0.3126123
0.23729296
0.3788914
epoch:3, gender accuracy of the last batch: 0.9310344827586207
valid: gender acc 83.86%
valid loss: 0.35982486605644226
0.28626016
0.24102852
0.36295474
0.2883902
0.2350699
0.19394207
0.20771915
0.27957684
0.3158384
0.25840348
0.32697767
0.33813983
0.39900288
0.27000827
0.29150078
0.20565745
0.2573589
epoch:4, gender accuracy of the last batch: 0.9137931034482759
valid: gender acc 85.12%
valid loss: 0.33012527227401733
0.23633195
0.24646649
0.21578181
0.23328279
0.3381707
0.21868043
0.34070054
0.19026624
0.2967723
0.30432454
0.19943866
0.34057388
0.15358655
0.27050942
0.29431707
0.258587
0.28521657
epoch:5, gender accuracy of the last batch: 0.9137931034482759
valid: gender acc 85.21%
valid loss: 0.32763755321502686
0.18350178
0.40688798
0.29415053
0.31386405
0.37538004
0.2224578
0.14848785
0.23446837
0.26878104
0.31841704
0.15590605
0.20978838
0.36149445
0.2957145
0.18341431
0.22273389
0.24522147
epoch:6, gender accuracy of the last batch: 0.8103448275862069
valid: gender acc 85.97%
valid loss: 0.34723570942878723
0.14590484
0.22972038
0.1560003
0.23993838
0.25685266
0.22259116
0.1868229
0.19460964
0.21521974
0.2502243
0.18438888
0.09419831
0.30376428
0.10981515
0.45342553
0.2823291
0.11371889
epoch:7, gender accuracy of the last batch: 0.9310344827586207
valid: gender acc 85.15%
valid loss: 0.37506064772605896
0.14902052
0.12918386
0.2229471
0.12686595
0.1110051
0.14713196
0.20737644
0.3728786
0.2582572
0.17815965
0.33685762
0.1745812
0.19354445
0.29577386
0.3739764
0.24899977
0.26377672
epoch:8, gender accuracy of the last batch: 0.9482758620689655
valid: gender acc 87.25%
valid loss: 0.301901251077652
0.12146652
0.10192257
0.34259146
0.31608686
0.18818063
0.26982182
0.15320459
0.2404618
0.17186725
0.20178081
0.12792253
0.30916625
0.3376239
0.1250079
0.20804079
0.23684934
0.19107315
epoch:9, gender accuracy of the last batch: 0.9310344827586207
valid: gender acc 86.84%
valid loss: 0.32971009612083435
0.13596359
0.11639394
0.0995169
0.20223732
0.20841987
0.2427897
0.10523993
0.35709
0.2609229
0.15583703
0.20048088
0.23741527
0.18789631
0.17179027
0.08163445
0.29321963
0.23684363
epoch:10, gender accuracy of the last batch: 0.9482758620689655
valid: gender acc 87.06%
valid loss: 0.3173460364341736
0.111416414
0.17716515
0.057177603
0.15653136
0.109667376
0.074457616
0.07527651
0.2628454
0.11990106
0.1967354
0.117005125
0.26991186
0.16145512
0.14274427
0.13750768
0.10606584
0.16978472
epoch:11, gender accuracy of the last batch: 0.896551724137931
valid: gender acc 85.34%
valid loss: 0.365919828414917
0.13486525
0.093266904
0.08838471
0.1848954
0.11921762
0.0996491
0.36415964
0.20829009
0.19365026
0.09742214
0.08918193
0.15274635
0.11516535
0.19112545
0.17825428
0.15594141
0.19631404
epoch:12, gender accuracy of the last batch: 0.9310344827586207
valid: gender acc 86.72%
valid loss: 0.33408477902412415
0.24362369
0.11144515
0.12777463
0.09127045
0.12446554
0.11618474
0.12635267
0.23974241
0.08863069
0.16293532
0.15877423
0.33425552
0.076732315
0.118436486
0.21551633
0.117456004
0.18812513
epoch:13, gender accuracy of the last batch: 0.9655172413793104
valid: gender acc 86.19%
valid loss: 0.3642112612724304
0.13955352
0.10275775
0.13330603
0.03833308
0.13555112
0.2011235
0.07451747
0.10633496
0.09379144
0.19722553
0.07780861
0.11341521
0.24649826
0.1430765
0.12210052
0.12851658
0.11048034
epoch:14, gender accuracy of the last batch: 0.9827586206896551
valid: gender acc 86.47%
valid loss: 0.378240704536438
0.12116639
0.1407778
0.053552132
0.11793987
0.17566478
0.15525371
0.08144465
0.13093363
0.1728015
0.2217443
0.1600577
0.15094219
0.059257187
0.15138823
0.07729173
0.13033798
0.09742232
epoch:15, gender accuracy of the last batch: 0.9310344827586207
valid: gender acc 86.97%
valid loss: 0.33527129888534546
0.06943633
0.085367754
0.07763331
0.06964161
0.15023004
0.07459391
0.121757954
0.09126487
0.08501717
0.118747726
0.2071919
0.08006845
0.08067606
0.0505047
0.1563379
0.15880455
0.07826503
epoch:16, gender accuracy of the last batch: 0.9482758620689655
valid: gender acc 87.44%
valid loss: 0.35746464133262634
0.09886015
0.16097304
0.14332993
0.050153162
0.12933129
0.16160424
0.0676204
0.085809186
0.09018499
0.07461962
0.17223206
0.103849724
0.047758557
0.10279495
0.09117661
0.04049623
0.096468665
epoch:17, gender accuracy of the last batch: 0.9827586206896551
valid: gender acc 85.62%
valid loss: 0.3664585053920746
0.07393654
0.17025992
0.07424566
0.18668017
0.106221125
0.06309113
0.13350293
0.055838287
0.034533016
0.055361047
0.057508342
0.12571307
0.02578086
0.119405426
0.30607298
0.062058873
0.28659117
epoch:18, gender accuracy of the last batch: 1.0
valid: gender acc 88.19%
valid loss: 0.33211052417755127
0.07799132
0.052155934
0.066508025
0.12183337
0.17850493
0.075175665
0.047443148
0.048209246
0.12165961
0.097800404
0.05228114
0.06871262
0.13489938
0.100027114
0.12223829
0.09668282
0.12718308
epoch:19, gender accuracy of the last batch: 0.9827586206896551
valid: gender acc 86.00%
valid loss: 0.4204038977622986
accuracy: 0.8270348837209303, f1: 0.8222288616671646, precision: 0.784045584045584, recall: 0.864321608040201
