/home/jupyter/notebook/agegender_dataset.py:50: UserWarning: To copy construct from a tensor, it is recommended to use sourceTensor.clone().detach() or sourceTensor.clone().detach().requires_grad_(True), rather than torch.tensor(sourceTensor).
  split_id_one_hot=F.one_hot(torch.tensor(split_id),16)
/opt/conda/lib/python3.7/site-packages/torch/optim/lr_scheduler.py:136: UserWarning: Detected call of `lr_scheduler.step()` before `optimizer.step()`. In PyTorch 1.1.0 and later, you should call them in the opposite order: `optimizer.step()` before `lr_scheduler.step()`.  Failure to do this will result in PyTorch skipping the first value of the learning rate schedule. See more details at https://pytorch.org/docs/stable/optim.html#how-to-adjust-learning-rate
  "https://pytorch.org/docs/stable/optim.html#how-to-adjust-learning-rate", UserWarning)
split
valid: acc 13.53%
init_best_loss: 2.767087
2.771421
2.6314
2.6414347
2.5874686
2.643361
2.460994
2.4865413
2.5657825
2.4607027
2.589468
2.363195
2.3138094
2.121455
2.3013968
2.2906199
2.3008785
2.4790351
epoch:0, gender accuracy of the last batch: 0.29310344827586204
valid: acc 23.83%
valid loss: 2.3580846786499023
best loss found:  2.3580847
2.2288544
2.1481729
2.1077857
2.2971957
2.1663947
2.189177
2.011175
2.3458388
2.183992
2.3265991
1.9193151
2.1860037
2.1320462
2.0942922
2.046333
1.631175
2.2699823
epoch:1, gender accuracy of the last batch: 0.27586206896551724
valid: acc 26.78%
valid loss: 2.229548931121826
best loss found:  2.229549
1.7078986
2.0083613
1.8705922
1.9203014
1.8336399
1.9004337
1.7992136
2.0813265
1.7039688
1.4991941
1.9633199
1.4781592
1.6603137
1.5124503
1.4924138
1.908597
1.4933108
epoch:2, gender accuracy of the last batch: 0.3275862068965517
valid: acc 29.54%
valid loss: 2.088489532470703
best loss found:  2.0884895
1.5046782
1.6151463
1.8063846
1.3393055
1.3921554
1.8540787
1.5308591
1.4421744
1.6425669
1.6053689
1.8704153
1.6407537
1.5492074
1.7079344
1.5279899
1.8132563
1.365097
epoch:3, gender accuracy of the last batch: 0.5862068965517241
valid: acc 32.43%
valid loss: 1.9519537687301636
best loss found:  1.9519538
1.3952887
1.3061197
1.3674697
1.5491557
1.4409305
1.404307
1.6634307
1.7357631
1.4608201
1.3924723
1.511486
1.5528067
1.2932843
1.2548165
1.4772989
1.42372
1.3847435
epoch:4, gender accuracy of the last batch: 0.603448275862069
valid: acc 29.26%
valid loss: 2.0304431915283203
1.1458504
1.3412868
1.3626086
1.3106475
1.1609192
1.368783
1.255972
1.3164144
1.2875274
1.2634206
1.4465244
1.3584404
1.2770929
1.1531941
1.4923863
1.2535468
1.3834146
epoch:5, gender accuracy of the last batch: 0.5862068965517241
valid: acc 34.69%
valid loss: 1.9957257509231567
1.3406045
1.3809229
1.2868934
1.2859586
1.2083886
1.3509331
1.2209678
1.1949327
1.0433013
1.0913956
1.0760338
1.1588777
1.1447761
1.0330353
1.2839437
1.1971983
1.0059565
epoch:6, gender accuracy of the last batch: 0.6206896551724138
valid: acc 31.02%
valid loss: 1.9908639192581177
0.94399
0.93497723
1.1122649
1.0259566
0.9645675
1.2513394
1.1171255
0.8956132
0.7934476
1.2879599
1.256712
1.0237556
1.2420022
1.190609
0.9918074
0.90632474
1.0544131
epoch:7, gender accuracy of the last batch: 0.5344827586206896
valid: acc 33.06%
valid loss: 2.1480934619903564
0.79828787
0.93060625
1.0405502
1.0844705
1.1089797
0.94125146
1.1645262
0.78903407
0.88188285
0.90701836
0.9656737
0.77474296
0.9441849
0.98350596
0.8810948
0.8884057
0.87781996
epoch:8, gender accuracy of the last batch: 0.7241379310344828
valid: acc 35.20%
valid loss: 1.9759021997451782
0.85291976
0.8531497
0.7327955
0.6067781
0.99545205
0.81880236
0.9389111
0.7807112
0.912112
0.9374989
0.9187712
0.8681965
0.8797374
1.2972589
1.1492729
0.87230253
0.880144
epoch:9, gender accuracy of the last batch: 0.6379310344827587
valid: acc 34.00%
valid loss: 2.1831116676330566
0.89635456
0.67336774
0.7869754
0.65631956
0.8725501
0.7509878
0.87294054
0.6989958
0.9335654
0.77621216
1.0899382
0.92910945
0.9820275
0.60837126
0.92806286
0.5885428
0.7115003
epoch:10, gender accuracy of the last batch: 0.6724137931034483
valid: acc 33.66%
valid loss: 2.1197092533111572
0.8031076
0.78754735
0.84345615
0.56275713
0.45965558
0.5668448
0.92436993
0.5502827
0.5434413
0.7580524
1.0393686
0.7293476
0.95508647
0.8184099
0.69821006
0.7792054
0.69197094
epoch:11, gender accuracy of the last batch: 0.6551724137931034
valid: acc 34.25%
valid loss: 2.2164711952209473
0.6766555
0.6689581
0.61669344
0.43456972
0.8244074
0.5768373
0.6601774
0.9043265
0.9429422
0.7567335
0.78386164
0.789062
0.9448127
0.43546024
0.88380146
0.45254862
0.92034984
epoch:12, gender accuracy of the last batch: 0.7241379310344828
valid: acc 35.20%
valid loss: 2.4178032875061035
0.5848972
0.52696383
0.71441144
0.66821325
0.79830647
0.61955714
0.641019
0.85504735
0.5466135
0.7665673
0.80299383
0.58137846
0.6140666
0.52192473
0.6261018
0.55371404
0.5223723
epoch:13, gender accuracy of the last batch: 0.7758620689655172
valid: acc 34.66%
valid loss: 2.437634229660034
0.50935453
0.6966356
0.6197016
0.62089896
0.39589596
0.519495
0.46946597
0.53893435
0.48667344
0.43272895
0.4030646
0.5063701
0.4158105
0.5704634
0.57743275
0.47339883
0.57146204
epoch:14, gender accuracy of the last batch: 0.6896551724137931
valid: acc 32.46%
valid loss: 2.53498911857605
0.41378427
0.51124966
0.33343843
0.51914954
0.7148105
0.69312507
0.40565872
0.4929018
0.35617772
0.46909782
0.42845947
0.4399435
0.43079686
0.42624265
0.44978184
0.57102114
0.44981498
epoch:15, gender accuracy of the last batch: 0.7758620689655172
valid: acc 32.94%
valid loss: 2.5654842853546143
0.25507665
0.3729949
0.43740296
0.283146
0.5908296
0.5594689
0.5210187
0.38601452
0.39049053
0.3767018
0.3970652
0.5807061
0.5528654
0.3776148
0.49020317
0.28281116
0.40048707
epoch:16, gender accuracy of the last batch: 0.896551724137931
valid: acc 34.82%
valid loss: 2.551520586013794
0.409802
0.38393795
0.27118066
0.5660608
0.33671838
0.3766188
0.4431305
0.3129496
0.32904148
0.515522
0.29814094
0.3615499
0.37751877
0.30397207
0.43218234
0.4626109
0.41617328
epoch:17, gender accuracy of the last batch: 0.8103448275862069
valid: acc 33.28%
valid loss: 2.956648588180542
0.3544551
0.2790703
0.33559096
0.4522961
0.27542257
0.29444236
0.29524726
0.18931681
0.29695293
0.28525156
0.35021162
0.35022378
0.3591764
0.33934966
0.4820466
0.32953647
0.21066532
epoch:18, gender accuracy of the last batch: 0.8793103448275862
valid: acc 35.79%
valid loss: 2.752786159515381
0.3017984
0.31132677
0.3606979
0.21768993
0.15131542
0.54525805
0.32773376
0.24903573
0.23292603
0.29887286
0.2724735
0.26065978
0.18208633
0.41696203
0.32234883
0.5072175
0.47944894
epoch:19, gender accuracy of the last batch: 0.896551724137931
valid: acc 29.14%
valid loss: 3.1316099166870117
overall accuracy:  0.29941860465116277
gender accuracy: 
accuracy: 0.7604651162790698, f1: 0.7448916408668732, precision: 0.7344322344322345, recall: 0.7556532663316583
age accuracy: 
0.38372093023255816
