1.3858259
1.340606
1.32586
1.3204823
1.3674085
1.277451
1.2725334
1.3041109
1.312864
1.2507905
1.312368
1.3077317
1.31816
1.2971163
1.2433708
1.2576923
1.2087333
last_batch: epoch:0, gender: 0.6379310344827587, age: 0.2413793103448276
valid: gender acc 68.95%, age acc 28.73%
valid loss: 1.2592400312423706
1.3027518
1.2202988
1.2539761
1.2308741
1.1749599
1.1873639
1.2109722
1.233072
1.105957
1.1108811
1.074046
1.1227231
1.0500989
1.0714338
1.0725187
0.9684475
1.1449298
last_batch: epoch:1, gender: 0.6724137931034483, age: 0.5
valid: gender acc 74.16%, age acc 35.57%
valid loss: 1.1086713075637817
0.9318607
1.0201715
1.0839254
0.94406176
0.93692386
1.0812356
0.99353015
0.9039934
1.0297638
1.005084
0.90561414
0.9441147
0.96898186
0.90221196
1.047203
0.85176504
0.86815083
last_batch: epoch:2, gender: 0.7413793103448276, age: 0.4827586206896552
valid: gender acc 75.82%, age acc 38.37%
valid loss: 1.0564829111099243
0.93443996
0.78230774
0.92644644
0.8578012
0.79347646
0.9499912
0.9002178
0.86039567
0.84152687
0.8866729
0.8109386
0.82766914
0.8478563
0.8571401
0.91797614
0.9296018
0.8176105
last_batch: epoch:3, gender: 0.8620689655172413, age: 0.603448275862069
valid: gender acc 82.01%, age acc 36.20%
valid loss: 1.0576475858688354
0.9370602
0.69812495
0.75169355
0.80440325
0.71073794
0.7633728
0.86180866
0.69504696
0.7599384
0.85758114
0.8953509
0.7388961
0.89913005
0.6780566
0.7384304
0.66973543
0.9016315
last_batch: epoch:4, gender: 0.8275862068965517, age: 0.5862068965517241
valid: gender acc 82.83%, age acc 40.41%
valid loss: 0.9422478675842285
0.7404957
0.8127706
0.64180577
0.69362295
0.7762268
0.7062256
0.7238498
0.7580559
0.82299757
0.6907494
0.6988026
0.73682135
0.7516564
0.6954899
0.66799223
0.72079647
0.7218867
last_batch: epoch:5, gender: 0.8620689655172413, age: 0.5517241379310345
valid: gender acc 79.53%, age acc 40.47%
valid loss: 0.9937338829040527
0.70528615
0.5906571
0.6870062
0.7109881
0.7506159
0.6765727
0.6057505
0.6818204
0.68397015
0.6834914
0.6439042
0.745914
0.6211411
0.83137894
0.6366535
0.8018849
0.6229822
last_batch: epoch:6, gender: 0.896551724137931, age: 0.6896551724137931
valid: gender acc 81.35%, age acc 37.14%
valid loss: 1.0463900566101074
0.54371536
0.594766
0.69560695
0.6517274
0.6126952
0.629579
0.70135707
0.61916524
0.50457335
0.67319524
0.6026373
0.6322423
0.6829655
0.593671
0.6927814
0.5180312
0.57838
last_batch: epoch:7, gender: 0.8448275862068966, age: 0.6379310344827587
valid: gender acc 82.42%, age acc 38.65%
valid loss: 1.0006963014602661
0.7304121
0.6040841
0.5188558
0.56092435
0.65433174
0.6010303
0.5500185
0.58323485
0.5360044
0.55273557
0.50640815
0.62568504
0.572662
0.5069014
0.5233678
0.63032615
0.5837595
last_batch: epoch:8, gender: 0.9137931034482759, age: 0.6896551724137931
valid: gender acc 83.58%, age acc 40.00%
valid loss: 0.9608127474784851
0.52411044
0.61567175
0.52427584
0.6241411
0.5710202
0.5396877
0.4739431
0.5403993
0.4937107
0.5978175
0.53546625
0.6701191
0.5494861
0.4526574
0.47477484
0.5574081
0.60575914
last_batch: epoch:9, gender: 0.9137931034482759, age: 0.5862068965517241
valid: gender acc 84.90%, age acc 37.05%
valid loss: 0.9809412360191345
0.595674
0.45153284
0.42955098
0.47529155
0.49177584
0.5651568
0.47599304
0.50157577
0.4185106
0.55459005
0.5641593
0.4615448
0.45046747
0.48452038
0.49739397
0.5087408
0.41761008
last_batch: epoch:10, gender: 0.8793103448275862, age: 0.6379310344827587
valid: gender acc 85.81%, age acc 41.13%
valid loss: 0.9730178713798523
0.409707
0.37362856
0.5967555
0.38307264
0.3762477
0.4724593
0.44403726
0.6132245
0.40373203
0.46850872
0.4367659
0.49195158
0.42093825
0.46718648
0.43504947
0.44471142
0.4963206
last_batch: epoch:11, gender: 0.896551724137931, age: 0.7931034482758621
valid: gender acc 85.46%, age acc 41.10%
valid loss: 1.0169605016708374
0.52435887
0.5555397
0.44758067
0.40210944
0.43822122
0.57705635
0.49259454
0.45484573
0.50094783
0.45681256
0.5149174
0.46312472
0.3956542
0.3520265
0.49881053
0.38806245
0.522948
last_batch: epoch:12, gender: 0.8793103448275862, age: 0.7413793103448276
valid: gender acc 86.09%, age acc 41.70%
valid loss: 0.9995102882385254
0.37536085
0.40244344
0.4862386
0.28847107
0.32612008
0.4380767
0.44032794
0.38047835
0.42487216
0.51968926
0.46742332
0.36258644
0.35210928
0.35519856
0.49584812
0.56523305
0.43542945
last_batch: epoch:13, gender: 0.9137931034482759, age: 0.7413793103448276
valid: gender acc 84.80%, age acc 40.57%
valid loss: 1.138777256011963
0.39214545
0.4004998
0.45275238
0.4941569
0.3423533
0.28683382
0.40456617
0.39886686
0.40583587
0.30825737
0.41650403
0.48749396
0.20639409
0.41225874
0.44647872
0.42853117
0.40716237
last_batch: epoch:14, gender: 0.8793103448275862, age: 0.7241379310344828
valid: gender acc 85.75%, age acc 39.12%
valid loss: 1.0631015300750732
0.34817827
0.28545135
0.399934
0.36083835
0.34495664
0.37714452
0.45069435
0.34908217
0.4284472
0.30403453
0.34558022
0.36378914
0.28834662
0.4518599
0.3260192
0.41641358
0.28555384
last_batch: epoch:15, gender: 0.9827586206896551, age: 0.7586206896551724
valid: gender acc 85.40%, age acc 42.67%
valid loss: 1.1168062686920166
0.319808
0.41079995
0.2095212
0.38765636
0.31315434
0.38223022
0.37389392
0.24919531
0.36954886
0.2845217
0.38263303
0.3217587
0.40467882
0.47662932
0.40574956
0.24904089
0.42532137
last_batch: epoch:16, gender: 0.9655172413793104, age: 0.896551724137931
valid: gender acc 84.14%, age acc 41.19%
valid loss: 1.0985915660858154
0.2692303
0.18885046
0.29033032
0.25031176
0.2774831
0.36810338
0.23847169
0.27969697
0.2828098
0.34064057
0.29190218
0.31605345
0.345678
0.2751396
0.26832193
0.28418115
0.2616274
last_batch: epoch:17, gender: 0.9137931034482759, age: 0.8793103448275862
valid: gender acc 85.97%, age acc 37.27%
valid loss: 1.2216579914093018
0.25157896
0.23317014
0.29841974
0.25293547
0.24393043
0.3298279
0.26762113
0.40062678
0.26273054
0.31217313
0.28286937
0.20531864
0.29670784
0.28319615
0.34895882
0.36414358
0.31016132
last_batch: epoch:18, gender: 0.9655172413793104, age: 0.8448275862068966
valid: gender acc 85.78%, age acc 38.56%
valid loss: 1.2453802824020386
0.22998434
0.25815532
0.23610969
0.24863413
0.22799906
0.28364712
0.22449537
0.24709518
0.3143835
0.30247927
0.21779123
0.17872706
0.26551554
0.21320978
0.16044235
0.33015084
0.2735421
last_batch: epoch:19, gender: 0.896551724137931, age: 0.8275862068965517
valid: gender acc 85.43%, age acc 42.23%
valid loss: 1.2375786304473877
[1.25924, 1.1086713, 1.0564829, 1.0576476, 0.94224787, 0.9937339, 1.04639, 1.0006963, 0.96081275, 0.98094124, 0.9730179, 1.0169605, 0.9995103, 1.1387773, 1.0631015, 1.1168063, 1.0985916, 1.221658, 1.2453803, 1.2375786]
[0.6168361, 0.52504945, 0.49684274, 0.40792468, 0.37711507, 0.45147252, 0.4095147, 0.39618438, 0.3798958, 0.34969658, 0.35837504, 0.37521553, 0.34966606, 0.4301735, 0.39294994, 0.39767212, 0.43875664, 0.39284444, 0.4053256, 0.44730544]
[1.901644, 1.692293, 1.6161231, 1.7073704, 1.5073808, 1.5359955, 1.6832653, 1.6052082, 1.5417299, 1.612186, 1.5876607, 1.6587052, 1.6493546, 1.8473809, 1.733253, 1.8359402, 1.7584262, 2.0504718, 2.0854354, 2.0278516]
Best loss regarding :  age
gender results: 
accuracy: 0.7787790697674418, f1: 0.7589483687044664, precision: 0.7654952076677316, recall: 0.7525125628140703
age accuracy:  0.398546511627907
Best loss regarding :  gender
gender results: 
accuracy: 0.8058139534883721, f1: 0.8001196888090962, precision: 0.764, recall: 0.839824120603015
age accuracy:  0.40581395348837207
Best loss regarding :  both
gender results: 
accuracy: 0.7787790697674418, f1: 0.7589483687044664, precision: 0.7654952076677316, recall: 0.7525125628140703
age accuracy:  0.398546511627907
