0.69095105
0.60482323
0.5896999
0.5976005
0.55279577
0.5387992
0.5649509
0.56130725
0.57405174
0.5235387
0.52577037
0.55913234
0.55388874
0.52622324
0.51264614
0.59365636
0.5475276
last_batch: epoch:0, gender: 0.5172413793103449, age: 0.8189655172413792, age_true: 0.22413793103448276
valid gender results:  0.7230769230769231
valid age accuracy:  0.8498037676609105
valid age accuracy true:  0.2869701726844584
valid loss: 0.4200655221939087
0.5593774
0.52048725
0.490573
0.49935395
0.48376897
0.54502326
0.48594683
0.43533254
0.412298
0.4648728
0.4785938
0.44514495
0.39202207
0.44731247
0.47164628
0.4091731
0.48649096
last_batch: epoch:1, gender: 0.7586206896551724, age: 0.8405172413793105, age_true: 0.3275862068965517
valid gender results:  0.7544740973312402
valid age accuracy:  0.8428571428571429
valid age accuracy true:  0.304552590266876
valid loss: 0.3889186382293701
0.40150568
0.46140203
0.41122717
0.38138205
0.37508056
0.41787326
0.38495782
0.44030452
0.34035295
0.40660653
0.41183057
0.37935078
0.3672837
0.38793826
0.4031871
0.39035115
0.4259333
last_batch: epoch:2, gender: 0.8448275862068966, age: 0.8577586206896551, age_true: 0.25862068965517243
valid gender results:  0.8031397174254317
valid age accuracy:  0.8770015698587127
valid age accuracy true:  0.3601255886970173
valid loss: 0.323812335729599
0.33990222
0.36490622
0.32797876
0.33343437
0.38343823
0.4233739
0.34780544
0.32246786
0.30512947
0.39143512
0.34289885
0.35067886
0.323499
0.29694855
0.2664
0.3516661
0.33302897
last_batch: epoch:3, gender: 0.8620689655172413, age: 0.8814655172413792, age_true: 0.3793103448275862
valid gender results:  0.8351648351648352
valid age accuracy:  0.8904631083202512
valid age accuracy true:  0.39372056514913656
valid loss: 0.2977674603462219
0.3082554
0.32241508
0.2982566
0.42030174
0.31117314
0.28093734
0.2941844
0.32555237
0.35725233
0.29446113
0.2692692
0.3098581
0.2484847
0.31591135
0.23991406
0.32421106
0.27635726
last_batch: epoch:4, gender: 0.7931034482758621, age: 0.9073275862068966, age_true: 0.4482758620689655
valid gender results:  0.8433281004709576
valid age accuracy:  0.8678571428571429
valid age accuracy true:  0.34725274725274724
valid loss: 0.33140507340431213
0.3658367
0.32919455
0.31563306
0.24805729
0.32427487
0.2624272
0.29453665
0.2820699
0.2663311
0.2748898
0.27918682
0.2677342
0.27456182
0.28773838
0.26974678
0.24410568
0.2971802
last_batch: epoch:5, gender: 0.896551724137931, age: 0.8879310344827588, age_true: 0.39655172413793105
valid gender results:  0.8383045525902669
valid age accuracy:  0.8881475667189953
valid age accuracy true:  0.38178963893249607
valid loss: 0.2886573076248169
0.28078306
0.27244616
0.2886561
0.3121702
0.30121553
0.34233087
0.24931842
0.30453357
0.29096225
0.20500377
0.22240573
0.22025892
0.27008438
0.22567657
0.20193045
0.21679738
0.28497538
last_batch: epoch:6, gender: 0.8103448275862069, age: 0.9116379310344827, age_true: 0.5
valid gender results:  0.8552590266875981
valid age accuracy:  0.8823390894819466
valid age accuracy true:  0.3927786499215071
valid loss: 0.32205161452293396
0.25714988
0.21982242
0.36504954
0.3054172
0.3037467
0.17919542
0.2182759
0.23933366
0.28049424
0.20970766
0.2785405
0.20363905
0.21183528
0.30951247
0.30774665
0.2938332
0.16652936
last_batch: epoch:7, gender: 0.9482758620689655, age: 0.9245689655172414, age_true: 0.6206896551724138
valid gender results:  0.858712715855573
valid age accuracy:  0.8846546310832025
valid age accuracy true:  0.3855572998430141
valid loss: 0.2993016541004181
0.29357943
0.22892971
0.22997265
0.17511831
0.2579226
0.20952949
0.23498872
0.3381666
0.23813021
0.2196297
0.15632859
0.24833085
0.17953292
0.28443664
0.28209075
0.2029358
0.20529322
last_batch: epoch:8, gender: 0.896551724137931, age: 0.9137931034482758, age_true: 0.5
valid gender results:  0.8583987441130299
valid age accuracy:  0.8808869701726845
valid age accuracy true:  0.389010989010989
valid loss: 0.30776911973953247
0.23088002
0.18271458
0.20332806
0.21755809
0.23828843
0.20676014
0.19256389
0.22461043
0.14716823
0.18097542
0.18103541
0.20117098
0.1715796
0.15750487
0.1715929
0.22096129
0.17948088
last_batch: epoch:9, gender: 0.9310344827586207, age: 0.9310344827586206, age_true: 0.5172413793103449
valid gender results:  0.8744113029827315
valid age accuracy:  0.8981554160125589
valid age accuracy true:  0.42888540031397177
valid loss: 0.2706316113471985
0.152244
0.2472044
0.2108092
0.20133507
0.15364927
0.21674693
0.17408209
0.21678422
0.17940784
0.2640064
0.2624313
0.17012101
0.17754214
0.17537893
0.16836637
0.23818296
0.20439926
last_batch: epoch:10, gender: 0.9655172413793104, age: 0.9375000000000001, age_true: 0.6551724137931034
valid gender results:  0.8703296703296703
valid age accuracy:  0.8960753532182104
valid age accuracy true:  0.41161695447409735
valid loss: 0.2727144956588745
0.17762066
0.16790846
0.26464525
0.23404965
0.26794308
0.18598175
0.1598433
0.16486236
0.17167516
0.18797019
0.16628179
0.18320717
0.16480175
0.16435616
0.24958257
0.15626171
0.18766755
last_batch: epoch:11, gender: 0.9310344827586207, age: 0.9396551724137931, age_true: 0.5517241379310345
valid gender results:  0.8835164835164835
valid age accuracy:  0.9013736263736264
valid age accuracy true:  0.4401883830455259
valid loss: 0.2613080143928528
0.22242948
0.19171719
0.18340108
0.15504645
0.1680456
0.16495655
0.18573304
0.1526255
0.1510264
0.17567106
0.14214863
0.13691306
0.14323899
0.104097314
0.2518788
0.2188769
0.16241366
last_batch: epoch:12, gender: 1.0, age: 0.9331896551724138, age_true: 0.5172413793103449
valid gender results:  0.8709576138147567
valid age accuracy:  0.9029827315541601
valid age accuracy true:  0.4445839874411303
valid loss: 0.2599335312843323
0.2528295
0.23547284
0.17910682
0.18974715
0.19334282
0.19573914
0.18961103
0.19823381
0.1675451
0.17676611
0.16160206
0.14931881
0.12953408
0.13184687
0.15213422
0.15689065
0.12223393
last_batch: epoch:13, gender: 0.9655172413793104, age: 0.9094827586206896, age_true: 0.4827586206896552
valid gender results:  0.8649921507064364
valid age accuracy:  0.9033751962323391
valid age accuracy true:  0.44175824175824174
valid loss: 0.2699240744113922
0.1588154
0.13457626
0.13060907
0.18798123
0.1883089
0.13680778
0.13691835
0.16384156
0.113935396
0.18322428
0.16669258
0.1524783
0.15622415
0.11930185
0.12811454
0.22734053
0.27700368
last_batch: epoch:14, gender: 0.9310344827586207, age: 0.9267241379310345, age_true: 0.5344827586206896
valid gender results:  0.8734693877551021
valid age accuracy:  0.9040816326530612
valid age accuracy true:  0.447723704866562
valid loss: 0.25594109296798706
0.17226057
0.15174294
0.20962265
0.1352035
0.15679657
0.1301227
0.13876708
0.15389161
0.114230014
0.11459847
0.160102
0.13029268
0.15649424
0.17172503
0.1298423
0.11481749
0.1376904
last_batch: epoch:15, gender: 0.9310344827586207, age: 0.9094827586206896, age_true: 0.5
valid gender results:  0.8546310832025118
valid age accuracy:  0.9083987441130298
valid age accuracy true:  0.44583987441130296
valid loss: 0.258347749710083
0.13775125
0.17436014
0.1454037
0.11157431
0.19309711
0.17784649
0.18771993
0.1385477
0.12976894
0.083313346
0.14186235
0.11002523
0.090035655
0.2177974
0.24991298
0.1320915
0.14476496
last_batch: epoch:16, gender: 0.8793103448275862, age: 0.9353448275862069, age_true: 0.6206896551724138
valid gender results:  0.8750392464678179
valid age accuracy:  0.902629513343799
valid age accuracy true:  0.4392464678178964
valid loss: 0.2707074284553528
0.1778322
0.1294312
0.2062735
0.13507316
0.10156159
0.20619707
0.108454995
0.1449553
0.13468958
0.099684894
0.21571057
0.14208458
0.100838095
0.1593065
0.14074332
0.14706643
0.08952479
last_batch: epoch:17, gender: 0.9827586206896551, age: 0.9375, age_true: 0.6551724137931034
valid gender results:  0.865934065934066
valid age accuracy:  0.8972135007849293
valid age accuracy true:  0.4248037676609105
valid loss: 0.28144171833992004
0.13798468
0.10351491
0.083353266
0.09142724
0.10435265
0.10338845
0.10836344
0.11866454
0.09222922
0.114426635
0.12139332
0.12881444
0.15709521
0.10395548
0.18113886
0.14376283
0.14013465
last_batch: epoch:18, gender: 0.8620689655172413, age: 0.9482758620689655, age_true: 0.6379310344827587gender_with_new_age_encode.py:221: UserWarning: Implicit dimension choice for softmax has been deprecated. Change the call to include dim=X as an argument.
  age_pred_to_numpy.append(torch.argmax(F.softmax(age_logits[i]),dim=1).cpu().numpy())
gender_with_new_age_encode.py:222: UserWarning: Implicit dimension choice for softmax has been deprecated. Change the call to include dim=X as an argument.
  inner_age_acc.append(accuracy(F.softmax(age_logits[i]),one_hot.to(DEVICE)).item()/age_logits[i].size(0))
gender_with_new_age_encode.py:241: UserWarning: Implicit dimension choice for softmax has been deprecated. Change the call to include dim=X as an argument.
  gender_acc = accuracy(F.softmax(gender_logits), gender_gt)

valid gender results:  0.8668759811616954
valid age accuracy:  0.8936028257456828
valid age accuracy true:  0.3956043956043956
valid loss: 0.2960227131843567
0.12501869
0.103366785
0.098982826
0.09742976
0.13162987
0.13723129
0.16610728
0.12470369
0.13354817
0.18352818
0.18592405
0.12811835
0.17548233
0.1575535
0.12483366
0.08537633
0.10349732
last_batch: epoch:19, gender: 0.9655172413793104, age: 0.9482758620689654, age_true: 0.6724137931034483
valid gender results:  0.8860282574568289
valid age accuracy:  0.9035714285714286
valid age accuracy true:  0.4433281004709576
valid loss: 0.26507246494293213
[0.42006552, 0.38891864, 0.32381234, 0.29776746, 0.33140507, 0.2886573, 0.3220516, 0.29930165, 0.30776912, 0.2706316, 0.2727145, 0.261308, 0.25993353, 0.26992407, 0.2559411, 0.25834775, 0.27070743, 0.28144172, 0.2960227, 0.26507246]
[0.58432364, 0.49419037, 0.43137622, 0.38460773, 0.35836586, 0.35919404, 0.33158877, 0.33975583, 0.32000446, 0.31585798, 0.3198198, 0.29575515, 0.32607254, 0.35895744, 0.31385693, 0.38700944, 0.36417198, 0.38051003, 0.37490794, 0.31087822]
[3.868371, 3.6283472, 3.0010345, 2.7717273, 3.1545286, 2.700574, 3.0821588, 2.832842, 2.9423482, 2.5528374, 2.5709536, 2.47411, 2.429223, 2.5022378, 2.399119, 2.3514771, 2.505327, 2.6027722, 2.7629333, 2.4988902]
Best loss regarding :  age
gender results: 
accuracy: 0.8375, f1: 0.8179746011071312, precision: 0.8492224475997295, recall: 0.7889447236180904
age accuracy:  0.9008357558139535
age accuracy true:  0.45813953488372094
Best loss regarding :  gender
gender results: 
accuracy: 0.8311046511627908, f1: 0.819396953683556, precision: 0.811076923076923, recall: 0.8278894472361809
age accuracy:  0.8965116279069767
age accuracy true:  0.45406976744186045
Best loss regarding :  both
gender results: 
accuracy: 0.836046511627907, f1: 0.828883495145631, precision: 0.8016431924882629, recall: 0.8580402010050251
age accuracy:  0.8977834302325581
age accuracy true:  0.44825581395348835
