one_conv_less
valid: gender acc 46.22%
init_best_loss: 0.6934303
0.6931882
0.68876994
0.6957515
0.67069733
0.6696018
0.70716476
0.65889657
0.6240362
0.62157744
0.61907923
0.670858
0.58742404
0.58039594
0.5696733
0.48696136
0.6465136
0.5465015
epoch:0, gender accuracy of the last batch: 0.5
valid: gender acc 74.66%
valid loss: 0.517001211643219
0.54146993
0.4410692
0.5855384
0.5735575
0.48933598
0.44382554
0.6557573
0.6441343
0.5222205
0.4829712
0.5029529
0.4503976
0.492461
0.4895947
0.55897444
0.42914838
0.5162918
epoch:1, gender accuracy of the last batch: 0.7758620689655172
valid: gender acc 75.23%
valid loss: 0.49411651492118835
0.5192259
0.52059186
0.3735346
0.45225713
0.45449603
0.4233719
0.39503863
0.4167957
0.5307547
0.4622713
0.31462836
0.5164598
0.48746052
0.50615454
0.49729252
0.46429867
0.4901191
epoch:2, gender accuracy of the last batch: 0.7931034482758621
valid: gender acc 69.45%
valid loss: 0.6238972544670105
0.48574436
0.52710676
0.5430902
0.42322162
0.4694923
0.35841322
0.26484472
0.45030692
0.5210183
0.40328735
0.41459212
0.42019507
0.3362318
0.35066053
0.5014962
0.40132493
0.29348698
epoch:3, gender accuracy of the last batch: 0.8448275862068966
valid: gender acc 80.82%
valid loss: 0.4027422368526459
0.37389618
0.39827916
0.4164317
0.27981764
0.43356612
0.42426705
0.29377818
0.31346864
0.4793688
0.39246386
0.3180523
0.28247303
0.33135933
0.43716416
0.25244507
0.43322015
0.2522758
epoch:4, gender accuracy of the last batch: 0.8275862068965517
valid: gender acc 82.45%
valid loss: 0.3862133026123047
0.31737545
0.34394306
0.35919446
0.30542058
0.39767998
0.28706205
0.3612694
0.31567898
0.22089565
0.39770752
0.3260063
0.2627816
0.26070145
0.34205163
0.2467507
0.21522804
0.42270142
epoch:5, gender accuracy of the last batch: 0.896551724137931
valid: gender acc 81.57%
valid loss: 0.4092284142971039
0.21358939
0.3057755
0.32710335
0.26840508
0.3389197
0.2581445
0.26074225
0.26089093
0.22414827
0.31529036
0.18012854
0.33146
0.41930154
0.29039997
0.22000352
0.43444076
0.2783536
epoch:6, gender accuracy of the last batch: 0.8275862068965517
valid: gender acc 83.23%
valid loss: 0.40273624658584595
0.15920673
0.32279968
0.31887367
0.31878567
0.2800253
0.21880285
0.31459945
0.2890642
0.29585552
0.22787258
0.2828077
0.2051435
0.20138022
0.22089347
0.13790207
0.23749232
0.19929028
epoch:7, gender accuracy of the last batch: 0.9310344827586207
valid: gender acc 81.44%
valid loss: 0.42050862312316895
0.32570338
0.17164373
0.1556334
0.15707658
0.33304533
0.22473264
0.12573135
0.2971983
0.16140065
0.25027508
0.35413253
0.16487056
0.18151256
0.2248177
0.22796902
0.19494554
0.14738272
epoch:8, gender accuracy of the last batch: 0.9137931034482759
valid: gender acc 83.80%
valid loss: 0.3902684152126312
0.2668767
0.21375892
0.22156042
0.2204786
0.25019154
0.17217389
0.24812299
0.45221305
0.21667096
0.28318638
0.2847033
0.15828907
0.13664106
0.15730965
0.14557844
0.26978898
0.22613305
epoch:9, gender accuracy of the last batch: 0.9137931034482759
valid: gender acc 82.95%
valid loss: 0.39392903447151184
accuracy: 0.7700581395348837, f1: 0.7693205016039661, precision: 0.7180185084376701, recall: 0.8285175879396985
