finetune
valid: gender acc 36.70%
init_best_loss: 0.78542405
0.82377195
0.7358108
0.70195746
0.66497695
0.65148145
0.6017577
0.5657442
0.5736474
0.52084064
0.5119262
0.5398877
0.49830943
0.5097632
0.5137242
0.4716449
0.45975867
0.4868152
epoch:0, gender accuracy of the last batch: 0.8103448275862069
valid: gender acc 80.41%
valid loss: 0.45794203877449036
0.41511703
0.41038182
0.42759317
0.48696643
0.4183173
0.39030212
0.43607235
0.5246245
0.40441805
0.48422348
0.37344933
0.36646658
0.44818208
0.49767113
0.34762782
0.38526505
0.40848345
epoch:1, gender accuracy of the last batch: 0.7758620689655172
valid: gender acc 81.38%
valid loss: 0.4185337424278259
0.45188487
0.33595383
0.49403894
0.47645637
0.39080745
0.3681285
0.41809016
0.4503171
0.47347385
0.5147015
0.4981816
0.38836133
0.41105968
0.36977246
0.49710095
0.39056396
0.35363567
epoch:2, gender accuracy of the last batch: 0.8448275862068966
valid: gender acc 81.66%
valid loss: 0.40924927592277527
0.39023358
0.3891664
0.35445803
0.42097253
0.37437308
0.35148388
0.37582743
0.42140412
0.41880453
0.5637779
0.48163396
0.4398641
0.5106708
0.38037008
0.29581687
0.422883
0.48289067
epoch:3, gender accuracy of the last batch: 0.8448275862068966
valid: gender acc 81.73%
valid loss: 0.4061875641345978
0.38380665
0.31588864
0.2886728
0.4454477
0.35046142
0.48853374
0.3327052
0.52017385
0.39736402
0.47434437
0.35448486
0.38608432
0.39866513
0.3523983
0.45951462
0.3630705
0.382334
epoch:4, gender accuracy of the last batch: 0.7241379310344828
valid: gender acc 81.73%
valid loss: 0.40447288751602173
0.35245657
0.34599602
0.3664677
0.38519537
0.46700966
0.48497978
0.44107068
0.2816124
0.44253075
0.25103098
0.6155614
0.35349986
0.39787406
0.40816668
0.34285718
0.38873586
0.45965236
epoch:5, gender accuracy of the last batch: 0.8103448275862069
valid: gender acc 81.76%
valid loss: 0.4029790461063385
0.3136075
0.38414377
0.3187518
0.39783883
0.2647741
0.43893278
0.60796064
0.55205166
0.3302498
0.37096268
0.3520528
0.3939668
0.41067395
0.3756541
0.32595062
0.40334305
0.39009523
epoch:6, gender accuracy of the last batch: 0.7931034482758621
valid: gender acc 81.82%
valid loss: 0.4020182490348816
0.44274858
0.30604053
0.44151497
0.40503997
0.49043897
0.5205919
0.36856794
0.43893796
0.32063928
0.377004
0.4404336
0.3862502
0.36769283
0.42814505
0.387955
0.34680665
0.41918242
epoch:7, gender accuracy of the last batch: 0.7931034482758621
valid: gender acc 81.57%
valid loss: 0.4004631042480469
0.38013262
0.333515
0.59109557
0.39873806
0.45345318
0.29144102
0.26748842
0.39264944
0.39369646
0.44774157
0.32746702
0.39139485
0.38784254
0.43598044
0.45423454
0.41491598
0.36391583
epoch:8, gender accuracy of the last batch: 0.8620689655172413
valid: gender acc 81.82%
valid loss: 0.3990831673145294
0.339498
0.35615668
0.41512334
0.4282922
0.45519918
0.36364847
0.38447455
0.5325707
0.42865968
0.288904
0.20516175
0.5413644
0.54999125
0.3726351
0.40763786
0.3559916
0.46419498
epoch:9, gender accuracy of the last batch: 0.7413793103448276
valid: gender acc 81.88%
valid loss: 0.397968053817749
[0.8040816326530612, 0.8138147566718995, 0.816640502354788, 0.8172684458398745, 0.8172684458398745, 0.8175824175824176, 0.8182103610675039, 0.8156985871271586, 0.8182103610675039, 0.8188383045525902]
[0.8103448275862069, 0.7758620689655172, 0.8448275862068966, 0.8448275862068966, 0.7241379310344828, 0.8103448275862069, 0.7931034482758621, 0.7931034482758621, 0.8620689655172413, 0.7413793103448276]
accuracy: 0.791860465116279, f1: 0.7710997442455244, precision: 0.78515625, recall: 0.757537688442211
