reduced_both
valid: gender acc 46.22%
init_best_loss: 0.6932751
0.6945611
0.69047135
0.67781824
0.71479475
0.6942672
0.69456613
0.6876711
0.6778817
0.72240424
0.62607574
0.6722388
0.6309941
0.634058
0.5850178
0.6000232
0.5738114
0.590505
epoch:0, gender accuracy of the last batch: 0.6724137931034483
valid: gender acc 73.25%
valid loss: 0.5519661903381348
0.50741434
0.55074024
0.5466932
0.61201096
0.5810422
0.56169355
0.5510676
0.55426097
0.5259274
0.5029683
0.5827211
0.6511703
0.53359354
0.5549762
0.5355276
0.4963088
0.5689837
epoch:1, gender accuracy of the last batch: 0.7758620689655172
valid: gender acc 75.54%
valid loss: 0.494230180978775
0.508603
0.58264714
0.56168365
0.46410447
0.53747785
0.5570401
0.50962067
0.510589
0.5975988
0.5422894
0.47448522
0.43023926
0.4052114
0.45772156
0.5511794
0.42571563
0.49016455
epoch:2, gender accuracy of the last batch: 0.8793103448275862
valid: gender acc 75.70%
valid loss: 0.48776575922966003
0.40522456
0.50533634
0.5367693
0.5618846
0.36616123
0.42284092
0.47763723
0.39675367
0.4435832
0.383324
0.3930361
0.39201713
0.56158507
0.47334528
0.37623727
0.46983758
0.35682917
epoch:3, gender accuracy of the last batch: 0.7586206896551724
valid: gender acc 77.55%
valid loss: 0.45681139826774597
0.4152088
0.46278864
0.5169947
0.39450517
0.42666435
0.4631626
0.4791538
0.44234255
0.3516848
0.35154173
0.43957317
0.3170905
0.40943378
0.3337242
0.34287062
0.3913402
0.40395486
epoch:4, gender accuracy of the last batch: 0.896551724137931
valid: gender acc 77.96%
valid loss: 0.4517873525619507
0.22373421
0.33065283
0.37982908
0.32426995
0.45212322
0.33259213
0.43558097
0.41024178
0.36063936
0.42243767
0.35019788
0.37235478
0.47250766
0.33197778
0.36792645
0.3756551
0.35646278
epoch:5, gender accuracy of the last batch: 0.8793103448275862
valid: gender acc 82.04%
valid loss: 0.39799121022224426
0.33750498
0.37961832
0.42872646
0.44988093
0.37290794
0.33737198
0.3647548
0.39109102
0.32217273
0.36718002
0.28918153
0.3447941
0.35073125
0.35165226
0.40596178
0.37976116
0.29039246
epoch:6, gender accuracy of the last batch: 0.7758620689655172
valid: gender acc 80.85%
valid loss: 0.43057215213775635
0.30121785
0.3356508
0.40598357
0.46581206
0.37358105
0.3467132
0.43529847
0.32340872
0.29477477
0.44322008
0.36344808
0.33809066
0.4004293
0.28317165
0.28093845
0.32594246
0.46663862
epoch:7, gender accuracy of the last batch: 0.9137931034482759
valid: gender acc 82.26%
valid loss: 0.39344510436058044
0.2991702
0.42260435
0.36332965
0.31054562
0.4378007
0.27068383
0.24272479
0.17645536
0.2409356
0.26292002
0.28492865
0.22753751
0.42503098
0.40471756
0.36048812
0.31585693
0.19139288
epoch:8, gender accuracy of the last batch: 0.8793103448275862
valid: gender acc 82.35%
valid loss: 0.37254562973976135
0.25544113
0.2914214
0.35436556
0.29023626
0.19342612
0.29301232
0.34316793
0.30727983
0.2327435
0.26541036
0.26027438
0.2557145
0.3316062
0.2604934
0.29202968
0.26907775
0.26949292
epoch:9, gender accuracy of the last batch: 0.9137931034482759
valid: gender acc 84.08%
valid loss: 0.3694941997528076
accuracy: 0.8090116279069768, f1: 0.7996340347666973, precision: 0.7771191464137522, recall: 0.8234924623115578
